core.init: Checking for fconfig files in pwd and ./rosetta/flags 
core.init.score_function_corrections: [ WARNING ] Flag -beta_nov16 is set but either -weights are also specified or this is being used with the genpot score function.  Not changing input weights file!
core.init: Rosetta version: 2021.33.post.dev+41.master.b88e733826b b88e733826b61b929674c87eec46739c297f57a7 git@github.com:RosettaCommons/main.git 2021-08-23T16:48:58
core.init: command: /home/arielbs10/programs/rosetta/main/source/bin/rosetta_scripts.static.linuxgccrelease @utils/intDesign.flags -database /home/arielbs10/programs/rosetta/main/database/ -s /home/arielbs10/Dropbox/projects/precisionMaterialsDesign/input/1AY7ns.pdb -in::file::native /home/arielbs10/Dropbox/projects/precisionMaterialsDesign/input/1AY7ns.pdb -parser:protocol /home/arielbs10/Dropbox/projects/precisionMaterialsDesign/xml/intH2O.xml -nstruct 1 -beta -mute core.conform:qation.symmetry.SymmData core.conformation.SymmetryInfo -parser:script_vars outPath=/home/arielbs10/Dropbox/projects/precisionMaterialsDesign/output_intH2O/1AY7ns_01 basename=1AY7ns -out:prefix -renumber_pdb 1 -out::suffix _D -out::path::all /home/arielbs10/Dropbox/projects/precisionMaterialsDesign/output_intH2O/1AY7ns_01/ -ignore_zero_occupancy false -out:file:silent /home/arielbs10/Dropbox/projects/precisionMaterialsDesign/output_intH2O/1AY7ns_01/1AY7ns_01.silent -out:file:silent_struct_type binary -overwrite 1
basic.random.init_random_generator: 'RNG device' seed mode, using '/dev/urandom', seed=169406626 seed_offset=0 real_seed=169406626
basic.random.init_random_generator: RandomGenerator:init: Normal mode, seed=169406626 RG_type=mt19937
protocols.jd2.PDBJobInputter: Instantiate PDBJobInputter
protocols.jd2.PDBJobInputter: PDBJobInputter::fill_jobs
protocols.jd2.PDBJobInputter: pushed /home/arielbs10/Dropbox/projects/precisionMaterialsDesign/input/1AY7ns.pdb nstruct index 1
core.chemical.GlobalResidueTypeSet: Finished initializing fa_standard residue type set.  Created 983 residue types
core.chemical.GlobalResidueTypeSet: Total time to initialize 0.683645 seconds.
core.import_pose.import_pose: File '/home/arielbs10/Dropbox/projects/precisionMaterialsDesign/input/1AY7ns.pdb' automatically determined to be of type PDB
protocols.evaluation.ChiWellRmsdEvaluatorCreator: Evaluation Creator active ... 
protocols.jd2.PDBJobInputter: PDBJobInputter::pose_from_job
protocols.jd2.PDBJobInputter: filling pose from PDB /home/arielbs10/Dropbox/projects/precisionMaterialsDesign/input/1AY7ns.pdb
core.import_pose.import_pose: File '/home/arielbs10/Dropbox/projects/precisionMaterialsDesign/input/1AY7ns.pdb' automatically determined to be of type PDB
protocols.rosetta_scripts.RosettaScriptsParser: dock_design_filename=/home/arielbs10/Dropbox/projects/precisionMaterialsDesign/xml/intH2O.xml
protocols.rosetta_scripts.RosettaScriptsParser: Variable substitution will occur with the following values: '%%basename%%'='1AY7ns';  '%%outPath%%'='/home/arielbs10/Dropbox/projects/precisionMaterialsDesign/output_intH2O/1AY7ns_01';  
protocols.rosetta_scripts.RosettaScriptsParser: Substituted script:
<ROSETTASCRIPTS>
	<SCOREFXNS>
		<ScoreFunction name="NOV16" weights="beta" >
			<Reweight scoretype="aa_composition" weight="1.0" />
		</ScoreFunction>
	</SCOREFXNS>
	
	<RESIDUE_SELECTORS>
		<Chain name="chainA" chains="A"/>
		<Chain name="chainB" chains="B"/>
		<Neighborhood name="contact_chA" selector="chainB" distance="8.0" include_focus_in_subset="0"/>
		<Neighborhood name="contact_chB" selector="chainA" distance="8.0" include_focus_in_subset="0"/>
		<Or name="int" selectors="contact_chA,contact_chB"/>
		<Layer name="core" select_core="true" select_boundary="false" select_surface="false" use_sidechain_neighbors="true"/>
		<And name="int_core" selectors="int,core"/>
		<Not name="not_int" selector="int"/>
	</RESIDUE_SELECTORS>


	<TASKOPERATIONS>
		<OperateOnResidueSubset name="pack_task" selector="int" >
			<RestrictToRepackingRLT/> </OperateOnResidueSubset>
		<OperateOnResidueSubset name="lock_task" selector="not_int">
			<PreventRepackingRLT/> </OperateOnResidueSubset>
		<RestrictToInterfaceVector name="intonly" chain1_num="1" chain2_num="2" CB_dist_cutoff="10.0" nearby_atom_cutoff="5.5" vector_angle_cutoff="75.0" vector_dist_cutoff="9.0" include_all_water="1"/>
	</TASKOPERATIONS>


	<MOVERS>
		<AddResidueLabel name="int_label" residue_selector="int" label="int_label" />
		<AddResidueLabel name="not_int_label" residue_selector="not_int" label="not_int_label" />
		<ExplicitWaterMover name="solvate" mode="replace" gen_fixed="0" scorefxn="NOV16" task_operations="pack_task,lock_task" />
		<PackRotamersMover name="pack" scorefxn="NOV16" task_operations="pack_task"/>	
	</MOVERS>

	<FILTERS>
	</FILTERS>

	<APPLY_TO_POSE>
	</APPLY_TO_POSE>

	<PROTOCOLS>
		<Add mover_name="int_label" />
		<Add mover_name="not_int_label" />
		<Add mover="solvate"/>
		<Add mover="pack"/>
	</PROTOCOLS>
</ROSETTASCRIPTS>
protocols.rosetta_scripts.RosettaScriptsParser: Generating XML Schema for rosetta_scripts...
protocols.rosetta_scripts.RosettaScriptsParser: ...done
protocols.rosetta_scripts.RosettaScriptsParser: Initializing schema validator...
protocols.rosetta_scripts.RosettaScriptsParser: ...done
protocols.rosetta_scripts.RosettaScriptsParser: Validating input script...
protocols.rosetta_scripts.RosettaScriptsParser: ...done
protocols.rosetta_scripts.RosettaScriptsParser: Parsed script:
<ROSETTASCRIPTS>
	<SCOREFXNS>
		<ScoreFunction name="NOV16" weights="beta">
			<Reweight scoretype="aa_composition" weight="1.0"/>
		</ScoreFunction>
	</SCOREFXNS>
	<RESIDUE_SELECTORS>
		<Chain chains="A" name="chainA"/>
		<Chain chains="B" name="chainB"/>
		<Neighborhood distance="8.0" include_focus_in_subset="0" name="contact_chA" selector="chainB"/>
		<Neighborhood distance="8.0" include_focus_in_subset="0" name="contact_chB" selector="chainA"/>
		<Or name="int" selectors="contact_chA,contact_chB"/>
		<Layer name="core" select_boundary="false" select_core="true" select_surface="false" use_sidechain_neighbors="true"/>
		<And name="int_core" selectors="int,core"/>
		<Not name="not_int" selector="int"/>
	</RESIDUE_SELECTORS>
	<TASKOPERATIONS>
		<OperateOnResidueSubset name="pack_task" selector="int">
			<RestrictToRepackingRLT/>
		</OperateOnResidueSubset>
		<OperateOnResidueSubset name="lock_task" selector="not_int">
			<PreventRepackingRLT/>
		</OperateOnResidueSubset>
		<RestrictToInterfaceVector CB_dist_cutoff="10.0" chain1_num="1" chain2_num="2" include_all_water="1" name="intonly" nearby_atom_cutoff="5.5" vector_angle_cutoff="75.0" vector_dist_cutoff="9.0"/>
	</TASKOPERATIONS>
	<MOVERS>
		<AddResidueLabel label="int_label" name="int_label" residue_selector="int"/>
		<AddResidueLabel label="not_int_label" name="not_int_label" residue_selector="not_int"/>
		<ExplicitWaterMover gen_fixed="0" mode="replace" name="solvate" scorefxn="NOV16" task_operations="pack_task,lock_task"/>
		<PackRotamersMover name="pack" scorefxn="NOV16" task_operations="pack_task"/>
	</MOVERS>
	<FILTERS/>
	<APPLY_TO_POSE/>
	<PROTOCOLS>
		<Add mover_name="int_label"/>
		<Add mover_name="not_int_label"/>
		<Add mover="solvate"/>
		<Add mover="pack"/>
	</PROTOCOLS>
</ROSETTASCRIPTS>
protocols.rosetta_scripts.RosettaScriptsParser: Loading native resource as native_pose to the datamap 
core.import_pose.import_pose: File '/home/arielbs10/Dropbox/projects/precisionMaterialsDesign/input/1AY7ns.pdb' automatically determined to be of type PDB
core.scoring.ScoreFunctionFactory: SCOREFUNCTION: beta_genpot.wts
core.scoring.etable: Starting energy table calculation
core.scoring.etable: smooth_etable: changing atr/rep split to bottom of energy well
core.scoring.etable: smooth_etable: spline smoothing lj etables (maxdis = 6)
core.scoring.etable: smooth_etable: spline smoothing solvation etables (max_dis = 6)
core.scoring.etable: Finished calculating energy tables.
basic.io.database: Database file opened: scoring/score_functions/hbonds/ref2015_params/HBPoly1D.csv
basic.io.database: Database file opened: scoring/score_functions/hbonds/ref2015_params/HBFadeIntervals.csv
basic.io.database: Database file opened: scoring/score_functions/hbonds/ref2015_params/HBEval.csv
basic.io.database: Database file opened: scoring/score_functions/hbonds/ref2015_params/DonStrength.csv
basic.io.database: Database file opened: scoring/score_functions/hbonds/ref2015_params/AccStrength.csv
basic.io.database: Database file opened: scoring/score_functions/rama/fd_beta_nov2016/all.ramaProb
basic.io.database: Database file opened: scoring/score_functions/rama/fd_beta_nov2016/prepro.ramaProb
basic.io.database: Database file opened: scoring/score_functions/omega/omega_ppdep.all.txt
basic.io.database: Database file opened: scoring/score_functions/omega/omega_ppdep.gly.txt
basic.io.database: Database file opened: scoring/score_functions/omega/omega_ppdep.pro.txt
basic.io.database: Database file opened: scoring/score_functions/omega/omega_ppdep.valile.txt
basic.io.database: Database file opened: scoring/score_functions/P_AA_pp/P_AA
basic.io.database: Database file opened: scoring/score_functions/P_AA_pp/P_AA_n
core.scoring.P_AA: shapovalov_lib::shap_p_aa_pp_smooth_level of 1( aka low_smooth ) got activated.
basic.io.database: Database file opened: scoring/score_functions/P_AA_pp/shapovalov/10deg/kappa131/a20.prop
basic.io.database: Database file opened: scoring/score_functions/bondlength_bondangle/hydroxyl_torsion_preference.txt
basic.io.database: Database file opened: scoring/score_functions/generic_potential/generic_bonded.round6p.txt
core.scoring.GenericBondedPotential: Added total 0 bond parameters corresponding to 0 unique bonds.
core.scoring.GenericBondedPotential: Added total 0 angle parameters corresponding to 0 unique angles.
core.scoring.GenericBondedPotential: Added total 264 torsion parameters corresponding to 1126464 unique torsions.
core.scoring.GenericBondedPotential: Added total 50 improper parameters corresponding to 437 unique impropers.
core.scoring.etable: Starting energy table calculation
core.scoring.etable: smooth_etable: changing atr/rep split to bottom of energy well
core.scoring.etable: smooth_etable: spline smoothing lj etables (maxdis = 6)
core.scoring.etable: smooth_etable: spline smoothing solvation etables (max_dis = 6)
core.scoring.etable: Finished calculating energy tables.
basic.io.database: Database file opened: scoring/score_functions/PairEPotential/pdb_pair_stats_fine
basic.io.database: Database file opened: scoring/score_functions/InterchainPotential/interchain_env_log.txt
basic.io.database: Database file opened: scoring/score_functions/InterchainPotential/interchain_pair_log.txt
basic.io.database: Database file opened: scoring/score_functions/EnvPairPotential/env_log.txt
basic.io.database: Database file opened: scoring/score_functions/EnvPairPotential/cbeta_den.txt
basic.io.database: Database file opened: scoring/score_functions/EnvPairPotential/pair_log.txt
basic.io.database: Database file opened: scoring/score_functions/EnvPairPotential/cenpack_log.txt
core.scoring.ramachandran: shapovalov_lib::shap_rama_smooth_level of 4( aka highest_smooth ) got activated.
basic.io.database: Database file opened: scoring/score_functions/rama/shapovalov/kappa25/all.ramaProb
protocols.jd2.parser.ScoreFunctionLoader: defined score function "NOV16" with weights "beta"
protocols.jd2.parser.ScoreFunctionLoader:  setting NOV16 weight aa_composition to 1
core.select.residue_selector.LayerSelector: Setting LayerSelector to use sidechain neighbors to determine burial.
core.select.residue_selector.LayerSelector: Set cutoffs for core and surface to 5.2 and 2, respectively, in LayerSelector.
core.select.residue_selector.LayerSelector: Setting core=true boundary=false surface=false in LayerSelector.
core.select.residue_selector.LayerSelector: Setting LayerSelector to use sidechain neighbors to determine burial.
core.select.residue_selector.LayerSelector: Set cutoffs for core and surface to 5.2 and 2, respectively, in LayerSelector.
protocols.jd2.parser.TaskOperationLoader: Defined TaskOperation named "pack_task" of type OperateOnResidueSubset
protocols.jd2.parser.TaskOperationLoader: Defined TaskOperation named "lock_task" of type OperateOnResidueSubset
protocols.jd2.parser.TaskOperationLoader: Defined TaskOperation named "intonly" of type RestrictToInterfaceVector
protocols.simple_moves.AddResidueLabelMover: Reading XML parameters...
protocols.rosetta_scripts.RosettaScriptsParser: Defined mover named "int_label" of type AddResidueLabel
protocols.simple_moves.AddResidueLabelMover: Reading XML parameters...
protocols.rosetta_scripts.RosettaScriptsParser: Defined mover named "not_int_label" of type AddResidueLabel
core.pack.task.xml_util: Object solvate reading the following task_operations: Adding the following task operations
pack_task lock_task 
protocols.rosetta_scripts.RosettaScriptsParser: Defined mover named "solvate" of type ExplicitWaterMover
core.pack.task.xml_util: Object pack reading the following task_operations: Adding the following task operations
pack_task 
protocols.rosetta_scripts.RosettaScriptsParser: Defined mover named "pack" of type PackRotamersMover
protocols.rosetta_scripts.ParsedProtocol: ParsedProtocol mover with the following settings
protocols.rosetta_scripts.ParsedProtocol: Added mover "int_label"
protocols.rosetta_scripts.ParsedProtocol: Added mover "not_int_label"
protocols.rosetta_scripts.ParsedProtocol: Added mover "solvate"
protocols.rosetta_scripts.ParsedProtocol: Added mover "pack"
protocols.jd2.PDBJobInputter: PDBJobInputter::pose_from_job
protocols.jd2.PDBJobInputter: filling pose from saved copy /home/arielbs10/Dropbox/projects/precisionMaterialsDesign/input/1AY7ns.pdb
protocols.rosetta_scripts.ParsedProtocol: =======================BEGIN MOVER AddResidueLabelMover - int_label=======================
protocols.simple_moves.AddResidueLabelMover: Executing AddResidueLabelMover...
core.select.residue_selector.NeighborhoodResidueSelector: [ WARNING ] ################ Cloning pose and building neighbor graph ################
core.select.residue_selector.NeighborhoodResidueSelector: [ WARNING ] Ensure that pose is either scored or has update_residue_neighbors() called
core.select.residue_selector.NeighborhoodResidueSelector: [ WARNING ] before using NeighborhoodResidueSelector for maximum performance!
core.select.residue_selector.NeighborhoodResidueSelector: [ WARNING ] ##########################################################################
core.select.residue_selector.NeighborhoodResidueSelector: [ WARNING ] ################ Cloning pose and building neighbor graph ################
core.select.residue_selector.NeighborhoodResidueSelector: [ WARNING ] Ensure that pose is either scored or has update_residue_neighbors() called
core.select.residue_selector.NeighborhoodResidueSelector: [ WARNING ] before using NeighborhoodResidueSelector for maximum performance!
core.select.residue_selector.NeighborhoodResidueSelector: [ WARNING ] ##########################################################################
protocols.simple_moves.AddResidueLabelMover: Adding to residue #32, label: int_label
protocols.simple_moves.AddResidueLabelMover: Adding to residue #37, label: int_label
protocols.simple_moves.AddResidueLabelMover: Adding to residue #38, label: int_label
protocols.simple_moves.AddResidueLabelMover: Adding to residue #39, label: int_label
protocols.simple_moves.AddResidueLabelMover: Adding to residue #40, label: int_label
protocols.simple_moves.AddResidueLabelMover: Adding to residue #41, label: int_label
protocols.simple_moves.AddResidueLabelMover: Adding to residue #64, label: int_label
protocols.simple_moves.AddResidueLabelMover: Adding to residue #65, label: int_label
protocols.simple_moves.AddResidueLabelMover: Adding to residue #66, label: int_label
protocols.simple_moves.AddResidueLabelMover: Adding to residue #67, label: int_label
protocols.simple_moves.AddResidueLabelMover: Adding to residue #84, label: int_label
protocols.simple_moves.AddResidueLabelMover: Adding to residue #85, label: int_label
protocols.simple_moves.AddResidueLabelMover: Adding to residue #86, label: int_label
protocols.simple_moves.AddResidueLabelMover: Adding to residue #87, label: int_label
protocols.simple_moves.AddResidueLabelMover: Adding to residue #123, label: int_label
protocols.simple_moves.AddResidueLabelMover: Adding to residue #125, label: int_label
protocols.simple_moves.AddResidueLabelMover: Adding to residue #126, label: int_label
protocols.simple_moves.AddResidueLabelMover: Adding to residue #127, label: int_label
protocols.simple_moves.AddResidueLabelMover: Adding to residue #128, label: int_label
protocols.simple_moves.AddResidueLabelMover: Adding to residue #129, label: int_label
protocols.simple_moves.AddResidueLabelMover: Adding to residue #130, label: int_label
protocols.simple_moves.AddResidueLabelMover: Adding to residue #131, label: int_label
protocols.simple_moves.AddResidueLabelMover: Adding to residue #132, label: int_label
protocols.simple_moves.AddResidueLabelMover: Adding to residue #134, label: int_label
protocols.simple_moves.AddResidueLabelMover: Adding to residue #135, label: int_label
protocols.simple_moves.AddResidueLabelMover: Adding to residue #138, label: int_label
protocols.simple_moves.AddResidueLabelMover: Adding to residue #139, label: int_label
protocols.simple_moves.AddResidueLabelMover: Adding to residue #140, label: int_label
protocols.simple_moves.AddResidueLabelMover: Adding to residue #165, label: int_label
protocols.simple_moves.AddResidueLabelMover: Adding to residue #169, label: int_label
protocols.simple_moves.AddResidueLabelMover: Number of residues labeled: 30
protocols.simple_moves.AddResidueLabelMover: select int_label, resi 32+37+38+39+40+41+64+65+66+67+84+85+86+87+123+125+126+127+128+129+130+131+132+134+135+138+139+140+165+169+
protocols.rosetta_scripts.ParsedProtocol: =======================BEGIN MOVER AddResidueLabelMover - not_int_label=======================
protocols.simple_moves.AddResidueLabelMover: Executing AddResidueLabelMover...
core.select.residue_selector.NeighborhoodResidueSelector: [ WARNING ] ################ Cloning pose and building neighbor graph ################
core.select.residue_selector.NeighborhoodResidueSelector: [ WARNING ] Ensure that pose is either scored or has update_residue_neighbors() called
core.select.residue_selector.NeighborhoodResidueSelector: [ WARNING ] before using NeighborhoodResidueSelector for maximum performance!
core.select.residue_selector.NeighborhoodResidueSelector: [ WARNING ] ##########################################################################
core.select.residue_selector.NeighborhoodResidueSelector: [ WARNING ] ################ Cloning pose and building neighbor graph ################
core.select.residue_selector.NeighborhoodResidueSelector: [ WARNING ] Ensure that pose is either scored or has update_residue_neighbors() called
core.select.residue_selector.NeighborhoodResidueSelector: [ WARNING ] before using NeighborhoodResidueSelector for maximum performance!
core.select.residue_selector.NeighborhoodResidueSelector: [ WARNING ] ##########################################################################
protocols.simple_moves.AddResidueLabelMover: Adding to residue #1, label: not_int_label
protocols.simple_moves.AddResidueLabelMover: Adding to residue #2, label: not_int_label
protocols.simple_moves.AddResidueLabelMover: Adding to residue #3, label: not_int_label
protocols.simple_moves.AddResidueLabelMover: Adding to residue #4, label: not_int_label
protocols.simple_moves.AddResidueLabelMover: Adding to residue #5, label: not_int_label
protocols.simple_moves.AddResidueLabelMover: Adding to residue #6, label: not_int_label
protocols.simple_moves.AddResidueLabelMover: Adding to residue #7, label: not_int_label
protocols.simple_moves.AddResidueLabelMover: Adding to residue #8, label: not_int_label
protocols.simple_moves.AddResidueLabelMover: Adding to residue #9, label: not_int_label
protocols.simple_moves.AddResidueLabelMover: Adding to residue #10, label: not_int_label
protocols.simple_moves.AddResidueLabelMover: Adding to residue #11, label: not_int_label
protocols.simple_moves.AddResidueLabelMover: Adding to residue #12, label: not_int_label
protocols.simple_moves.AddResidueLabelMover: Adding to residue #13, label: not_int_label
protocols.simple_moves.AddResidueLabelMover: Adding to residue #14, label: not_int_label
protocols.simple_moves.AddResidueLabelMover: Adding to residue #15, label: not_int_label
protocols.simple_moves.AddResidueLabelMover: Adding to residue #16, label: not_int_label
protocols.simple_moves.AddResidueLabelMover: Adding to residue #17, label: not_int_label
protocols.simple_moves.AddResidueLabelMover: Adding to residue #18, label: not_int_label
protocols.simple_moves.AddResidueLabelMover: Adding to residue #19, label: not_int_label
protocols.simple_moves.AddResidueLabelMover: Adding to residue #20, label: not_int_label
protocols.simple_moves.AddResidueLabelMover: Adding to residue #21, label: not_int_label
protocols.simple_moves.AddResidueLabelMover: Adding to residue #22, label: not_int_label
protocols.simple_moves.AddResidueLabelMover: Adding to residue #23, label: not_int_label
protocols.simple_moves.AddResidueLabelMover: Adding to residue #24, label: not_int_label
protocols.simple_moves.AddResidueLabelMover: Adding to residue #25, label: not_int_label
protocols.simple_moves.AddResidueLabelMover: Adding to residue #26, label: not_int_label
protocols.simple_moves.AddResidueLabelMover: Adding to residue #27, label: not_int_label
protocols.simple_moves.AddResidueLabelMover: Adding to residue #28, label: not_int_label
protocols.simple_moves.AddResidueLabelMover: Adding to residue #29, label: not_int_label
protocols.simple_moves.AddResidueLabelMover: Adding to residue #30, label: not_int_label
protocols.simple_moves.AddResidueLabelMover: Adding to residue #31, label: not_int_label
protocols.simple_moves.AddResidueLabelMover: Adding to residue #33, label: not_int_label
protocols.simple_moves.AddResidueLabelMover: Adding to residue #34, label: not_int_label
protocols.simple_moves.AddResidueLabelMover: Adding to residue #35, label: not_int_label
protocols.simple_moves.AddResidueLabelMover: Adding to residue #36, label: not_int_label
protocols.simple_moves.AddResidueLabelMover: Adding to residue #42, label: not_int_label
protocols.simple_moves.AddResidueLabelMover: Adding to residue #43, label: not_int_label
protocols.simple_moves.AddResidueLabelMover: Adding to residue #44, label: not_int_label
protocols.simple_moves.AddResidueLabelMover: Adding to residue #45, label: not_int_label
protocols.simple_moves.AddResidueLabelMover: Adding to residue #46, label: not_int_label
protocols.simple_moves.AddResidueLabelMover: Adding to residue #47, label: not_int_label
protocols.simple_moves.AddResidueLabelMover: Adding to residue #48, label: not_int_label
protocols.simple_moves.AddResidueLabelMover: Adding to residue #49, label: not_int_label
protocols.simple_moves.AddResidueLabelMover: Adding to residue #50, label: not_int_label
protocols.simple_moves.AddResidueLabelMover: Adding to residue #51, label: not_int_label
protocols.simple_moves.AddResidueLabelMover: Adding to residue #52, label: not_int_label
protocols.simple_moves.AddResidueLabelMover: Adding to residue #53, label: not_int_label
protocols.simple_moves.AddResidueLabelMover: Adding to residue #54, label: not_int_label
protocols.simple_moves.AddResidueLabelMover: Adding to residue #55, label: not_int_label
protocols.simple_moves.AddResidueLabelMover: Adding to residue #56, label: not_int_label
protocols.simple_moves.AddResidueLabelMover: Adding to residue #57, label: not_int_label
protocols.simple_moves.AddResidueLabelMover: Adding to residue #58, label: not_int_label
protocols.simple_moves.AddResidueLabelMover: Adding to residue #59, label: not_int_label
protocols.simple_moves.AddResidueLabelMover: Adding to residue #60, label: not_int_label
protocols.simple_moves.AddResidueLabelMover: Adding to residue #61, label: not_int_label
protocols.simple_moves.AddResidueLabelMover: Adding to residue #62, label: not_int_label
protocols.simple_moves.AddResidueLabelMover: Adding to residue #63, label: not_int_label
protocols.simple_moves.AddResidueLabelMover: Adding to residue #68, label: not_int_label
protocols.simple_moves.AddResidueLabelMover: Adding to residue #69, label: not_int_label
protocols.simple_moves.AddResidueLabelMover: Adding to residue #70, label: not_int_label
protocols.simple_moves.AddResidueLabelMover: Adding to residue #71, label: not_int_label
protocols.simple_moves.AddResidueLabelMover: Adding to residue #72, label: not_int_label
protocols.simple_moves.AddResidueLabelMover: Adding to residue #73, label: not_int_label
protocols.simple_moves.AddResidueLabelMover: Adding to residue #74, label: not_int_label
protocols.simple_moves.AddResidueLabelMover: Adding to residue #75, label: not_int_label
protocols.simple_moves.AddResidueLabelMover: Adding to residue #76, label: not_int_label
protocols.simple_moves.AddResidueLabelMover: Adding to residue #77, label: not_int_label
protocols.simple_moves.AddResidueLabelMover: Adding to residue #78, label: not_int_label
protocols.simple_moves.AddResidueLabelMover: Adding to residue #79, label: not_int_label
protocols.simple_moves.AddResidueLabelMover: Adding to residue #80, label: not_int_label
protocols.simple_moves.AddResidueLabelMover: Adding to residue #81, label: not_int_label
protocols.simple_moves.AddResidueLabelMover: Adding to residue #82, label: not_int_label
protocols.simple_moves.AddResidueLabelMover: Adding to residue #83, label: not_int_label
protocols.simple_moves.AddResidueLabelMover: Adding to residue #88, label: not_int_label
protocols.simple_moves.AddResidueLabelMover: Adding to residue #89, label: not_int_label
protocols.simple_moves.AddResidueLabelMover: Adding to residue #90, label: not_int_label
protocols.simple_moves.AddResidueLabelMover: Adding to residue #91, label: not_int_label
protocols.simple_moves.AddResidueLabelMover: Adding to residue #92, label: not_int_label
protocols.simple_moves.AddResidueLabelMover: Adding to residue #93, label: not_int_label
protocols.simple_moves.AddResidueLabelMover: Adding to residue #94, label: not_int_label
protocols.simple_moves.AddResidueLabelMover: Adding to residue #95, label: not_int_label
protocols.simple_moves.AddResidueLabelMover: Adding to residue #96, label: not_int_label
protocols.simple_moves.AddResidueLabelMover: Adding to residue #97, label: not_int_label
protocols.simple_moves.AddResidueLabelMover: Adding to residue #98, label: not_int_label
protocols.simple_moves.AddResidueLabelMover: Adding to residue #99, label: not_int_label
protocols.simple_moves.AddResidueLabelMover: Adding to residue #100, label: not_int_label
protocols.simple_moves.AddResidueLabelMover: Adding to residue #101, label: not_int_label
protocols.simple_moves.AddResidueLabelMover: Adding to residue #102, label: not_int_label
protocols.simple_moves.AddResidueLabelMover: Adding to residue #103, label: not_int_label
protocols.simple_moves.AddResidueLabelMover: Adding to residue #104, label: not_int_label
protocols.simple_moves.AddResidueLabelMover: Adding to residue #105, label: not_int_label
protocols.simple_moves.AddResidueLabelMover: Adding to residue #106, label: not_int_label
protocols.simple_moves.AddResidueLabelMover: Adding to residue #107, label: not_int_label
protocols.simple_moves.AddResidueLabelMover: Adding to residue #108, label: not_int_label
protocols.simple_moves.AddResidueLabelMover: Adding to residue #109, label: not_int_label
protocols.simple_moves.AddResidueLabelMover: Adding to residue #110, label: not_int_label
protocols.simple_moves.AddResidueLabelMover: Adding to residue #111, label: not_int_label
protocols.simple_moves.AddResidueLabelMover: Adding to residue #112, label: not_int_label
protocols.simple_moves.AddResidueLabelMover: Adding to residue #113, label: not_int_label
protocols.simple_moves.AddResidueLabelMover: Adding to residue #114, label: not_int_label
protocols.simple_moves.AddResidueLabelMover: Adding to residue #115, label: not_int_label
protocols.simple_moves.AddResidueLabelMover: Adding to residue #116, label: not_int_label
protocols.simple_moves.AddResidueLabelMover: Adding to residue #117, label: not_int_label
protocols.simple_moves.AddResidueLabelMover: Adding to residue #118, label: not_int_label
protocols.simple_moves.AddResidueLabelMover: Adding to residue #119, label: not_int_label
protocols.simple_moves.AddResidueLabelMover: Adding to residue #120, label: not_int_label
protocols.simple_moves.AddResidueLabelMover: Adding to residue #121, label: not_int_label
protocols.simple_moves.AddResidueLabelMover: Adding to residue #122, label: not_int_label
protocols.simple_moves.AddResidueLabelMover: Adding to residue #124, label: not_int_label
protocols.simple_moves.AddResidueLabelMover: Adding to residue #133, label: not_int_label
protocols.simple_moves.AddResidueLabelMover: Adding to residue #136, label: not_int_label
protocols.simple_moves.AddResidueLabelMover: Adding to residue #137, label: not_int_label
protocols.simple_moves.AddResidueLabelMover: Adding to residue #141, label: not_int_label
protocols.simple_moves.AddResidueLabelMover: Adding to residue #142, label: not_int_label
protocols.simple_moves.AddResidueLabelMover: Adding to residue #143, label: not_int_label
protocols.simple_moves.AddResidueLabelMover: Adding to residue #144, label: not_int_label
protocols.simple_moves.AddResidueLabelMover: Adding to residue #145, label: not_int_label
protocols.simple_moves.AddResidueLabelMover: Adding to residue #146, label: not_int_label
protocols.simple_moves.AddResidueLabelMover: Adding to residue #147, label: not_int_label
protocols.simple_moves.AddResidueLabelMover: Adding to residue #148, label: not_int_label
protocols.simple_moves.AddResidueLabelMover: Adding to residue #149, label: not_int_label
protocols.simple_moves.AddResidueLabelMover: Adding to residue #150, label: not_int_label
protocols.simple_moves.AddResidueLabelMover: Adding to residue #151, label: not_int_label
protocols.simple_moves.AddResidueLabelMover: Adding to residue #152, label: not_int_label
protocols.simple_moves.AddResidueLabelMover: Adding to residue #153, label: not_int_label
protocols.simple_moves.AddResidueLabelMover: Adding to residue #154, label: not_int_label
protocols.simple_moves.AddResidueLabelMover: Adding to residue #155, label: not_int_label
protocols.simple_moves.AddResidueLabelMover: Adding to residue #156, label: not_int_label
protocols.simple_moves.AddResidueLabelMover: Adding to residue #157, label: not_int_label
protocols.simple_moves.AddResidueLabelMover: Adding to residue #158, label: not_int_label
protocols.simple_moves.AddResidueLabelMover: Adding to residue #159, label: not_int_label
protocols.simple_moves.AddResidueLabelMover: Adding to residue #160, label: not_int_label
protocols.simple_moves.AddResidueLabelMover: Adding to residue #161, label: not_int_label
protocols.simple_moves.AddResidueLabelMover: Adding to residue #162, label: not_int_label
protocols.simple_moves.AddResidueLabelMover: Adding to residue #163, label: not_int_label
protocols.simple_moves.AddResidueLabelMover: Adding to residue #164, label: not_int_label
protocols.simple_moves.AddResidueLabelMover: Adding to residue #166, label: not_int_label
protocols.simple_moves.AddResidueLabelMover: Adding to residue #167, label: not_int_label
protocols.simple_moves.AddResidueLabelMover: Adding to residue #168, label: not_int_label
protocols.simple_moves.AddResidueLabelMover: Adding to residue #170, label: not_int_label
protocols.simple_moves.AddResidueLabelMover: Adding to residue #171, label: not_int_label
protocols.simple_moves.AddResidueLabelMover: Adding to residue #172, label: not_int_label
protocols.simple_moves.AddResidueLabelMover: Adding to residue #173, label: not_int_label
protocols.simple_moves.AddResidueLabelMover: Adding to residue #174, label: not_int_label
protocols.simple_moves.AddResidueLabelMover: Adding to residue #175, label: not_int_label
protocols.simple_moves.AddResidueLabelMover: Adding to residue #176, label: not_int_label
protocols.simple_moves.AddResidueLabelMover: Adding to residue #177, label: not_int_label
protocols.simple_moves.AddResidueLabelMover: Adding to residue #178, label: not_int_label
protocols.simple_moves.AddResidueLabelMover: Adding to residue #179, label: not_int_label
protocols.simple_moves.AddResidueLabelMover: Adding to residue #180, label: not_int_label
protocols.simple_moves.AddResidueLabelMover: Adding to residue #181, label: not_int_label
protocols.simple_moves.AddResidueLabelMover: Adding to residue #182, label: not_int_label
protocols.simple_moves.AddResidueLabelMover: Adding to residue #183, label: not_int_label
protocols.simple_moves.AddResidueLabelMover: Adding to residue #184, label: not_int_label
protocols.simple_moves.AddResidueLabelMover: Adding to residue #185, label: not_int_label
protocols.simple_moves.AddResidueLabelMover: Number of residues labeled: 155
protocols.simple_moves.AddResidueLabelMover: select not_int_label, resi 1+2+3+4+5+6+7+8+9+10+11+12+13+14+15+16+17+18+19+20+21+22+23+24+25+26+27+28+29+30+31+33+34+35+36+42+43+44+45+46+47+48+49+50+51+52+53+54+55+56+57+58+59+60+61+62+63+68+69+70+71+72+73+74+75+76+77+78+79+80+81+82+83+88+89+90+91+92+93+94+95+96+97+98+99+100+101+102+103+104+105+106+107+108+109+110+111+112+113+114+115+116+117+118+119+120+121+122+124+133+136+137+141+142+143+144+145+146+147+148+149+150+151+152+153+154+155+156+157+158+159+160+161+162+163+164+166+167+168+170+171+172+173+174+175+176+177+178+179+180+181+182+183+184+185+
protocols.rosetta_scripts.ParsedProtocol: =======================BEGIN MOVER ExplicitWaterMover - solvate=======================
protocols.moves.ExplicitWaterMover: Setting pointwater weight to 1.0.
basic.io.database: Database file opened: scoring/score_functions/pointwater/norm_trunc6/E_ALL_H_N.dat
basic.io.database: Database file opened: scoring/score_functions/pointwater/norm_trunc6/E_ALL_O_C.dat
basic.io.database: Database file opened: scoring/score_functions/pointwater/norm_trunc6/E_ARG_HE_NE.dat
basic.io.database: Database file opened: scoring/score_functions/pointwater/norm_trunc6/E_ARG_1HH1_NH1.dat
basic.io.database: Database file opened: scoring/score_functions/pointwater/norm_trunc6/E_ARG_2HH1_NH1.dat
basic.io.database: Database file opened: scoring/score_functions/pointwater/norm_trunc6/E_ARG_1HH2_NH2.dat
basic.io.database: Database file opened: scoring/score_functions/pointwater/norm_trunc6/E_ARG_2HH2_NH2.dat
basic.io.database: Database file opened: scoring/score_functions/pointwater/norm_trunc6/E_ASN_1HD2_ND2.dat
basic.io.database: Database file opened: scoring/score_functions/pointwater/norm_trunc6/E_ASN_2HD2_ND2.dat
basic.io.database: Database file opened: scoring/score_functions/pointwater/norm_trunc6/E_ASN_OD1_CG.dat
basic.io.database: Database file opened: scoring/score_functions/pointwater/norm_trunc6/E_ASP_OD1_CG.dat
basic.io.database: Database file opened: scoring/score_functions/pointwater/norm_trunc6/E_ASP_OD2_CG.dat
basic.io.database: Database file opened: scoring/score_functions/pointwater/norm_trunc6/E_GLN_1HE2_NE2.dat
basic.io.database: Database file opened: scoring/score_functions/pointwater/norm_trunc6/E_GLN_2HE2_NE2.dat
basic.io.database: Database file opened: scoring/score_functions/pointwater/norm_trunc6/E_GLN_OE1_CG.dat
basic.io.database: Database file opened: scoring/score_functions/pointwater/norm_trunc6/E_GLU_OE1_CD.dat
basic.io.database: Database file opened: scoring/score_functions/pointwater/norm_trunc6/E_GLU_OE2_CD.dat
basic.io.database: Database file opened: scoring/score_functions/pointwater/norm_trunc6/E_HIS_HD1_ND1.dat
basic.io.database: Database file opened: scoring/score_functions/pointwater/norm_trunc6/E_HIS_HE2_NE2.dat
basic.io.database: Database file opened: scoring/score_functions/pointwater/norm_trunc6/E_LYS_1HZ_NZ.dat
basic.io.database: Database file opened: scoring/score_functions/pointwater/norm_trunc6/E_LYS_2HZ_NZ.dat
basic.io.database: Database file opened: scoring/score_functions/pointwater/norm_trunc6/E_LYS_3HZ_NZ.dat
basic.io.database: Database file opened: scoring/score_functions/pointwater/norm_trunc6/E_SER_OG_CB.dat
basic.io.database: Database file opened: scoring/score_functions/pointwater/norm_trunc6/E_THR_OG1_CB.dat
basic.io.database: Database file opened: scoring/score_functions/pointwater/norm_trunc6/E_TRP_HE1_NE1.dat
basic.io.database: Database file opened: scoring/score_functions/pointwater/norm_trunc6/E_TYR_OH_CZ.dat
basic.io.database: Database file opened: scoring/score_functions/pointwater/norm_trunc6/E_LIG_DON.dat
basic.io.database: Database file opened: scoring/score_functions/pointwater/norm_trunc6/E_LIG_ACC_SP2.dat
basic.io.database: Database file opened: scoring/score_functions/pointwater/norm_trunc6/E_LIG_ACC_SP3.dat
basic.io.database: Database file opened: scoring/score_functions/elec_cp_reps.dat
core.scoring.elec.util: Read 40 countpair representative atoms
core.pack.dunbrack.RotamerLibrary: shapovalov_lib_fixes_enable option is true.
core.pack.dunbrack.RotamerLibrary: Binary rotamer library selected: /home/arielbs10/programs/rosetta/main/database/rotamer/beta_nov2016/Dunbrack10.lib.bin
core.pack.dunbrack.RotamerLibrary: Using Dunbrack library binary file '/home/arielbs10/programs/rosetta/main/database/rotamer/beta_nov2016/Dunbrack10.lib.bin'.
core.pack.dunbrack.RotamerLibrary: Dunbrack 2010 library took 0.084718 seconds to load from binary
basic.io.database: Database file opened: sampling/waterrots/water.rots
protocols.moves.ExplicitWaterMover: Read 24 protein water rotamers and 14 ligand water rotamers.
protocols.moves.ExplicitWaterMover: build_backbone_rotamer_clouds generated 329 rotamers in 59 clusters
protocols.moves.ExplicitWaterMover: build_lkboverlap_rotamer_clouds generated 1212 waters at 30 packable (455 rots) and 0 fixed positions
protocols.moves.ExplicitWaterMover: build_lkboverlap_rotamer_clouds identified 97 overlap sites
protocols.moves.ExplicitWaterMover: build_lkboverlap_rotamer_clouds generated 56 rotamers in 27 clusters
core.pack.task: Packer task: initialize from command line() 
protocols.moves.ExplicitWaterMover: Built 269 water rotamers at 86 positions (202 fail bumpcheck)
core.pack.interaction_graph.interaction_graph_factory: Instantiating DensePDInteractionGraph
protocols.moves.ExplicitWaterMover: time spent packing pwat = 0 seconds -- runtime
protocols.moves.ExplicitWaterMover: Clustering 111 PWAT rotamers 
protocols.moves.ExplicitWaterMover: Total number of clusters = 69
protocols.moves.ExplicitWaterMover: Total number of clusters passing dwell-time filter = 9
protocols.moves.ExplicitWaterMover: Number of predicted/native waters = 0/0
protocols.moves.ExplicitWaterMover: Prec/Rec (0.5A) = 0/0
protocols.moves.ExplicitWaterMover: Prec/Rec (1.0A) = 0/0
core.pose.util: [ WARNING ] conf2pdb_chain(): chain mapping inconsistent, returning default map p 1=A, 2=B, ... 
core.pose.util: [ WARNING ] existing 2 -> B  |  new 2 -> A
core.energy_methods.GenericBondedEnergy: Creating new peptide-bonded energy container (194)
protocols.rosetta_scripts.ParsedProtocol: =======================BEGIN MOVER PackRotamersMover - pack=======================
core.pack.pack_rotamers: built 47553 rotamers at 194 positions.
core.pack.interaction_graph.interaction_graph_factory: Instantiating PDInteractionGraph
core.pack.interaction_graph.interaction_graph_factory: High IG memory usage (>256 MB). If this becomes an issue, consider using a different interaction graph type.
core.energy_methods.AACompositionEnergy: Cleaning up cached AACompositionEnergy data after packing.
protocols.rosetta_scripts.ParsedProtocol: setting status to success
protocols.jd2.JobDistributor: 1AY7ns_D_0001 reported success in 237 seconds
protocols.jd2.JobDistributor: no more batches to process... 
protocols.jd2.JobDistributor: 1 jobs considered, 1 jobs attempted in 237 seconds
protocols.jd2.JobDistributor: [ WARNING ] The following options have been set, but have not yet been used:
	-holes:dalphaball input/DAlphaBall.gcc

basic.citation_manager.CitationManager: 
The following Rosetta modules were used during this run of Rosetta, and should be cited:

rosetta_scripts Application's citation(s):
Fleishman SJ, Leaver-Fay A, Corn JE, Strauch E-M, Khare SD, Koga N, Ashworth J, Murphy P, Richter F, Lemmon G, Meiler J, and Baker D.  (2011).  RosettaScripts: A Scripting Language Interface to the Rosetta Macromolecular Modeling Suite.  PLoS ONE 6(6):e20161.  doi: 10.1371/journal.pone.0020161.

AACompositionEnergy EnergyMethod's citation(s):
*Hosseinzadeh P, *Bhardwaj G, *Mulligan VK, Shortridge MD, Craven TW, Pardo-Avila F, Rettie SA, Kim DA, Silva D-A, Ibrahim YM, Webb IK, Cort JR, Adkins JN, Varani G, and Baker D.  (2017).  Comprehensive computational design of ordered peptide macrocycles.  Science 358(6369):1461-6.  doi: 10.1126/science.aap7577.  (*Co-primary authors.)

LayerSelector ResidueSelector's citation(s):
*Dang B, *Wu H, *Mulligan VK, Mravic M, Wu Y, Lemmin T, Ford A, Silva D-A, Baker D, and DeGrado WF.  (2017).  De novo design of covalently constrained mesosize protein scaffolds with unique tertiary structures.  Proc Natl Acad Sci USA 114(41):10852–10857.  doi: 10.1073/pnas.1710695114.  (*Co-primary authors.)


The following UNPUBLISHED Rosetta modules were used during this run of Rosetta.  Their authors should be included in the author list when this work is published:

NeighborhoodResidueSelector ResidueSelector's author(s):
Robert Lindner, Natural Sciences and Mathematics, Ruperto-Carola University, Heidelberg, Germany <rlindner@mpimf-heidelberg.mpg.de>
Jared Adolf-Bryfogle, Schief lab, Scripps Research Institute <jadolfbr@gmail.com>
Gerard Daniel, Institue for Protein Design, University of Washington <gerardda@uw.edu>


