core.init: Checking for fconfig files in pwd and ./rosetta/flags 
core.init.score_function_corrections: [ WARNING ] Flag -beta_nov16 is set but either -weights are also specified or this is being used with the genpot score function.  Not changing input weights file!
core.init: Rosetta version: 2021.33.post.dev+41.master.b88e733826b b88e733826b61b929674c87eec46739c297f57a7 git@github.com:RosettaCommons/main.git 2021-08-23T16:48:58
core.init: command: /home/arielbs10/programs/rosetta/main/source/bin/rosetta_scripts.static.linuxgccrelease @utils/intDesign.flags -database /home/arielbs10/programs/rosetta/main/database/ -s /home/arielbs10/Dropbox/projects/precisionMaterialsDesign/input/6vz8_AB.pdb -in::file::native /home/arielbs10/Dropbox/projects/precisionMaterialsDesign/input/6vz8_AB.pdb -parser:protocol /home/arielbs10/Dropbox/projects/precisionMaterialsDesign/xml/LD.xml -nstruct 1 -beta -mute core.conform:qation.symmetry.SymmData core.conformation.SymmetryInfo -parser:script_vars outPath=/home/arielbs10/Dropbox/projects/precisionMaterialsDesign/output_LD/6vz8_AB_01 basename=6vz8_AB -out:prefix -renumber_pdb 1 -out::suffix _D -out::path::all /home/arielbs10/Dropbox/projects/precisionMaterialsDesign/output_LD/6vz8_AB_01/ -ignore_zero_occupancy false -out:file:silent /home/arielbs10/Dropbox/projects/precisionMaterialsDesign/output_LD/6vz8_AB_01/6vz8_AB_01.silent -out:file:silent_struct_type binary -overwrite 1
basic.random.init_random_generator: 'RNG device' seed mode, using '/dev/urandom', seed=1861228545 seed_offset=0 real_seed=1861228545
basic.random.init_random_generator: RandomGenerator:init: Normal mode, seed=1861228545 RG_type=mt19937
protocols.jd2.PDBJobInputter: Instantiate PDBJobInputter
protocols.jd2.PDBJobInputter: PDBJobInputter::fill_jobs
protocols.jd2.PDBJobInputter: pushed /home/arielbs10/Dropbox/projects/precisionMaterialsDesign/input/6vz8_AB.pdb nstruct index 1
core.chemical.GlobalResidueTypeSet: Finished initializing fa_standard residue type set.  Created 983 residue types
core.chemical.GlobalResidueTypeSet: Total time to initialize 0.685004 seconds.
core.import_pose.import_pose: File '/home/arielbs10/Dropbox/projects/precisionMaterialsDesign/input/6vz8_AB.pdb' automatically determined to be of type PDB
core.pack.task: Packer task: initialize from command line() 
core.scoring.ScoreFunctionFactory: SCOREFUNCTION: beta_genpot.wts
core.scoring.etable: Starting energy table calculation
core.scoring.etable: smooth_etable: changing atr/rep split to bottom of energy well
core.scoring.etable: smooth_etable: spline smoothing lj etables (maxdis = 6)
core.scoring.etable: smooth_etable: spline smoothing solvation etables (max_dis = 6)
core.scoring.etable: Finished calculating energy tables.
basic.io.database: Database file opened: scoring/score_functions/hbonds/ref2015_params/HBPoly1D.csv
basic.io.database: Database file opened: scoring/score_functions/hbonds/ref2015_params/HBFadeIntervals.csv
basic.io.database: Database file opened: scoring/score_functions/hbonds/ref2015_params/HBEval.csv
basic.io.database: Database file opened: scoring/score_functions/hbonds/ref2015_params/DonStrength.csv
basic.io.database: Database file opened: scoring/score_functions/hbonds/ref2015_params/AccStrength.csv
basic.io.database: Database file opened: scoring/score_functions/rama/fd_beta_nov2016/all.ramaProb
basic.io.database: Database file opened: scoring/score_functions/rama/fd_beta_nov2016/prepro.ramaProb
basic.io.database: Database file opened: scoring/score_functions/omega/omega_ppdep.all.txt
basic.io.database: Database file opened: scoring/score_functions/omega/omega_ppdep.gly.txt
basic.io.database: Database file opened: scoring/score_functions/omega/omega_ppdep.pro.txt
basic.io.database: Database file opened: scoring/score_functions/omega/omega_ppdep.valile.txt
basic.io.database: Database file opened: scoring/score_functions/P_AA_pp/P_AA
basic.io.database: Database file opened: scoring/score_functions/P_AA_pp/P_AA_n
core.scoring.P_AA: shapovalov_lib::shap_p_aa_pp_smooth_level of 1( aka low_smooth ) got activated.
basic.io.database: Database file opened: scoring/score_functions/P_AA_pp/shapovalov/10deg/kappa131/a20.prop
basic.io.database: Database file opened: scoring/score_functions/bondlength_bondangle/hydroxyl_torsion_preference.txt
basic.io.database: Database file opened: scoring/score_functions/generic_potential/generic_bonded.round6p.txt
core.scoring.GenericBondedPotential: Added total 0 bond parameters corresponding to 0 unique bonds.
core.scoring.GenericBondedPotential: Added total 0 angle parameters corresponding to 0 unique angles.
core.scoring.GenericBondedPotential: Added total 264 torsion parameters corresponding to 1126464 unique torsions.
core.scoring.GenericBondedPotential: Added total 50 improper parameters corresponding to 437 unique impropers.
core.energy_methods.GenericBondedEnergy: Creating new peptide-bonded energy container (1072)
basic.io.database: Database file opened: scoring/score_functions/elec_cp_reps.dat
core.scoring.elec.util: Read 40 countpair representative atoms
core.pack.dunbrack.RotamerLibrary: shapovalov_lib_fixes_enable option is true.
core.pack.dunbrack.RotamerLibrary: Binary rotamer library selected: /home/arielbs10/programs/rosetta/main/database/rotamer/beta_nov2016/Dunbrack10.lib.bin
core.pack.dunbrack.RotamerLibrary: Using Dunbrack library binary file '/home/arielbs10/programs/rosetta/main/database/rotamer/beta_nov2016/Dunbrack10.lib.bin'.
core.pack.dunbrack.RotamerLibrary: Dunbrack 2010 library took 0.08605 seconds to load from binary
core.pack.pack_rotamers: built 2449 rotamers at 89 positions.
core.pack.interaction_graph.interaction_graph_factory: Instantiating DensePDInteractionGraph
protocols.evaluation.ChiWellRmsdEvaluatorCreator: Evaluation Creator active ... 
protocols.jd2.PDBJobInputter: PDBJobInputter::pose_from_job
protocols.jd2.PDBJobInputter: filling pose from PDB /home/arielbs10/Dropbox/projects/precisionMaterialsDesign/input/6vz8_AB.pdb
core.import_pose.import_pose: File '/home/arielbs10/Dropbox/projects/precisionMaterialsDesign/input/6vz8_AB.pdb' automatically determined to be of type PDB
core.pack.task: Packer task: initialize from command line() 
core.scoring.ScoreFunctionFactory: SCOREFUNCTION: beta_genpot.wts
core.energy_methods.GenericBondedEnergy: Creating new peptide-bonded energy container (1072)
core.pack.pack_rotamers: built 2449 rotamers at 89 positions.
core.pack.interaction_graph.interaction_graph_factory: Instantiating DensePDInteractionGraph
protocols.rosetta_scripts.RosettaScriptsParser: dock_design_filename=/home/arielbs10/Dropbox/projects/precisionMaterialsDesign/xml/LD.xml
protocols.rosetta_scripts.RosettaScriptsParser: Variable substitution will occur with the following values: '%%basename%%'='6vz8_AB';  '%%outPath%%'='/home/arielbs10/Dropbox/projects/precisionMaterialsDesign/output_LD/6vz8_AB_01';  
protocols.rosetta_scripts.RosettaScriptsParser: Substituted script:
<ROSETTASCRIPTS>
	<SCOREFXNS>
		<ScoreFunction name="NOV16" weights="beta" >
			<Reweight scoretype="aa_composition" weight="1.0" />
		</ScoreFunction>
	</SCOREFXNS>
	
	<RESIDUE_SELECTORS>
		<Chain name="chainA" chains="A"/>
		<Chain name="chainB" chains="B"/>
		<Neighborhood name="contact_chA" selector="chainB" distance="8.0" include_focus_in_subset="0"/>
		<Neighborhood name="contact_chB" selector="chainA" distance="8.0" include_focus_in_subset="0"/>
		<Or name="int" selectors="contact_chA,contact_chB"/>
		<ResidueName name="CGP" residue_name3="CYS,GLY,PRO" />
		<Not name="not_CGP" selector="CGP"/>

		<Layer name="surface" select_core="false" select_boundary="false" select_surface="true" use_sidechain_neighbors="true"/>
		<Layer name="boundary" select_core="false" select_boundary="true" select_surface="false" use_sidechain_neighbors="true"/>
		<Layer name="core" select_core="true" select_boundary="false" select_surface="false" use_sidechain_neighbors="true"/>
		<SecondaryStructure name="sheet" overlap="0" minH="3" minE="2" include_terminal_loops="false" use_dssp="true" ss="E"/>
		<SecondaryStructure name="entire_loop" overlap="0" minH="3" minE="2" include_terminal_loops="true" use_dssp="true" ss="L"/>
		<SecondaryStructure name="entire_helix" overlap="0" minH="3" minE="2" include_terminal_loops="false" use_dssp="true" ss="H"/>
		
		<And name="int_core" selectors="int,core,not_CGP"/>
		<And name="int_boundary" selectors="int,boundary,not_CGP"/>
		<And name="int_surface" selectors="int,surface,not_CGP"/>

		<And name="helix_cap" selectors="entire_loop">
			<PrimarySequenceNeighborhood lower="1" upper="0" selector="entire_helix"/>
		</And>
		<And name="helix_start" selectors="entire_helix">
			<PrimarySequenceNeighborhood lower="0" upper="1" selector="helix_cap"/>
		</And>
		<And name="helix" selectors="entire_helix">
			<Not selector="helix_start"/>
		</And>
		<And name="loop" selectors="entire_loop">
			<Not selector="helix_cap"/>
		</And>


	</RESIDUE_SELECTORS>


	<TASKOPERATIONS>
		<DesignRestrictions name="layer_design">
			<Action selector_logic="int_surface AND helix_start"	aas="DEHKPQR"/>
			<Action selector_logic="int_surface AND helix"			aas="EHKQR"/>
			<Action selector_logic="int_surface AND sheet"			aas="EHKNQRST"/>
			<Action selector_logic="int_surface AND loop"			aas="DEGHKNPQRST"/>
			<Action selector_logic="int_boundary AND helix_start"	aas="ADEHIKLMNPQRSTVWY"/>
			<Action selector_logic="int_boundary AND helix"			aas="ADEHIKLMNQRSTVWY"/>
			<Action selector_logic="int_boundary AND sheet"			aas="DEFHIKLMNQRSTVWY"/>
			<Action selector_logic="int_boundary AND loop"			aas="ADEFGHIKLMNPQRSTVWY"/>
			<Action selector_logic="int_core AND helix_start"		aas="AFILMPVWY"/>
			<Action selector_logic="int_core AND helix"				aas="AFILMVWY"/>
			<Action selector_logic="int_core AND sheet"				aas="FILMVWY"/>
			<Action selector_logic="int_core AND loop"				aas="AFGILMPVWY"/>
		</DesignRestrictions>
	</TASKOPERATIONS>


	<MOVERS>
		<AddResidueLabel name="core_label" residue_selector="int_core" label="core_label" />
		<AddResidueLabel name="boundary_label" residue_selector="int_boundary" label="boundary_label" />
		<AddResidueLabel name="surface_label" residue_selector="int_surface" label="surface_label" />
	</MOVERS>

	<FILTERS>
	</FILTERS>

	<APPLY_TO_POSE>
	</APPLY_TO_POSE>

	<PROTOCOLS>
		<Add mover_name="core_label" />
		<Add mover_name="boundary_label" />
		<Add mover_name="surface_label" /> 
	</PROTOCOLS>

</ROSETTASCRIPTS>
protocols.rosetta_scripts.RosettaScriptsParser: Generating XML Schema for rosetta_scripts...
protocols.rosetta_scripts.RosettaScriptsParser: ...done
protocols.rosetta_scripts.RosettaScriptsParser: Initializing schema validator...
protocols.rosetta_scripts.RosettaScriptsParser: ...done
protocols.rosetta_scripts.RosettaScriptsParser: Validating input script...
protocols.rosetta_scripts.RosettaScriptsParser: ...done
protocols.rosetta_scripts.RosettaScriptsParser: Parsed script:
<ROSETTASCRIPTS>
	<SCOREFXNS>
		<ScoreFunction name="NOV16" weights="beta">
			<Reweight scoretype="aa_composition" weight="1.0"/>
		</ScoreFunction>
	</SCOREFXNS>
	<RESIDUE_SELECTORS>
		<Chain chains="A" name="chainA"/>
		<Chain chains="B" name="chainB"/>
		<Neighborhood distance="8.0" include_focus_in_subset="0" name="contact_chA" selector="chainB"/>
		<Neighborhood distance="8.0" include_focus_in_subset="0" name="contact_chB" selector="chainA"/>
		<Or name="int" selectors="contact_chA,contact_chB"/>
		<ResidueName name="CGP" residue_name3="CYS,GLY,PRO"/>
		<Not name="not_CGP" selector="CGP"/>
		<Layer name="surface" select_boundary="false" select_core="false" select_surface="true" use_sidechain_neighbors="true"/>
		<Layer name="boundary" select_boundary="true" select_core="false" select_surface="false" use_sidechain_neighbors="true"/>
		<Layer name="core" select_boundary="false" select_core="true" select_surface="false" use_sidechain_neighbors="true"/>
		<SecondaryStructure include_terminal_loops="false" minE="2" minH="3" name="sheet" overlap="0" ss="E" use_dssp="true"/>
		<SecondaryStructure include_terminal_loops="true" minE="2" minH="3" name="entire_loop" overlap="0" ss="L" use_dssp="true"/>
		<SecondaryStructure include_terminal_loops="false" minE="2" minH="3" name="entire_helix" overlap="0" ss="H" use_dssp="true"/>
		<And name="int_core" selectors="int,core,not_CGP"/>
		<And name="int_boundary" selectors="int,boundary,not_CGP"/>
		<And name="int_surface" selectors="int,surface,not_CGP"/>
		<And name="helix_cap" selectors="entire_loop">
			<PrimarySequenceNeighborhood lower="1" selector="entire_helix" upper="0"/>
		</And>
		<And name="helix_start" selectors="entire_helix">
			<PrimarySequenceNeighborhood lower="0" selector="helix_cap" upper="1"/>
		</And>
		<And name="helix" selectors="entire_helix">
			<Not selector="helix_start"/>
		</And>
		<And name="loop" selectors="entire_loop">
			<Not selector="helix_cap"/>
		</And>
	</RESIDUE_SELECTORS>
	<TASKOPERATIONS>
		<DesignRestrictions name="layer_design">
			<Action aas="DEHKPQR" selector_logic="int_surface AND helix_start"/>
			<Action aas="EHKQR" selector_logic="int_surface AND helix"/>
			<Action aas="EHKNQRST" selector_logic="int_surface AND sheet"/>
			<Action aas="DEGHKNPQRST" selector_logic="int_surface AND loop"/>
			<Action aas="ADEHIKLMNPQRSTVWY" selector_logic="int_boundary AND helix_start"/>
			<Action aas="ADEHIKLMNQRSTVWY" selector_logic="int_boundary AND helix"/>
			<Action aas="DEFHIKLMNQRSTVWY" selector_logic="int_boundary AND sheet"/>
			<Action aas="ADEFGHIKLMNPQRSTVWY" selector_logic="int_boundary AND loop"/>
			<Action aas="AFILMPVWY" selector_logic="int_core AND helix_start"/>
			<Action aas="AFILMVWY" selector_logic="int_core AND helix"/>
			<Action aas="FILMVWY" selector_logic="int_core AND sheet"/>
			<Action aas="AFGILMPVWY" selector_logic="int_core AND loop"/>
		</DesignRestrictions>
	</TASKOPERATIONS>
	<MOVERS>
		<AddResidueLabel label="core_label" name="core_label" residue_selector="int_core"/>
		<AddResidueLabel label="boundary_label" name="boundary_label" residue_selector="int_boundary"/>
		<AddResidueLabel label="surface_label" name="surface_label" residue_selector="int_surface"/>
	</MOVERS>
	<FILTERS/>
	<APPLY_TO_POSE/>
	<PROTOCOLS>
		<Add mover_name="core_label"/>
		<Add mover_name="boundary_label"/>
		<Add mover_name="surface_label"/>
	</PROTOCOLS>
</ROSETTASCRIPTS>
protocols.rosetta_scripts.RosettaScriptsParser: Loading native resource as native_pose to the datamap 
core.import_pose.import_pose: File '/home/arielbs10/Dropbox/projects/precisionMaterialsDesign/input/6vz8_AB.pdb' automatically determined to be of type PDB
core.pack.task: Packer task: initialize from command line() 
core.scoring.ScoreFunctionFactory: SCOREFUNCTION: beta_genpot.wts
core.energy_methods.GenericBondedEnergy: Creating new peptide-bonded energy container (1072)
core.pack.pack_rotamers: built 2449 rotamers at 89 positions.
core.pack.interaction_graph.interaction_graph_factory: Instantiating DensePDInteractionGraph
core.scoring.ScoreFunctionFactory: SCOREFUNCTION: beta_genpot.wts
core.scoring.etable: Starting energy table calculation
core.scoring.etable: smooth_etable: changing atr/rep split to bottom of energy well
core.scoring.etable: smooth_etable: spline smoothing lj etables (maxdis = 6)
core.scoring.etable: smooth_etable: spline smoothing solvation etables (max_dis = 6)
core.scoring.etable: Finished calculating energy tables.
basic.io.database: Database file opened: scoring/score_functions/PairEPotential/pdb_pair_stats_fine
basic.io.database: Database file opened: scoring/score_functions/InterchainPotential/interchain_env_log.txt
basic.io.database: Database file opened: scoring/score_functions/InterchainPotential/interchain_pair_log.txt
basic.io.database: Database file opened: scoring/score_functions/EnvPairPotential/env_log.txt
basic.io.database: Database file opened: scoring/score_functions/EnvPairPotential/cbeta_den.txt
basic.io.database: Database file opened: scoring/score_functions/EnvPairPotential/pair_log.txt
basic.io.database: Database file opened: scoring/score_functions/EnvPairPotential/cenpack_log.txt
core.scoring.ramachandran: shapovalov_lib::shap_rama_smooth_level of 4( aka highest_smooth ) got activated.
basic.io.database: Database file opened: scoring/score_functions/rama/shapovalov/kappa25/all.ramaProb
protocols.jd2.parser.ScoreFunctionLoader: defined score function "NOV16" with weights "beta"
protocols.jd2.parser.ScoreFunctionLoader:  setting NOV16 weight aa_composition to 1
core.select.residue_selector.LayerSelector: Setting LayerSelector to use sidechain neighbors to determine burial.
core.select.residue_selector.LayerSelector: Set cutoffs for core and surface to 5.2 and 2, respectively, in LayerSelector.
core.select.residue_selector.LayerSelector: Setting core=false boundary=false surface=true in LayerSelector.
core.select.residue_selector.LayerSelector: Setting LayerSelector to use sidechain neighbors to determine burial.
core.select.residue_selector.LayerSelector: Set cutoffs for core and surface to 5.2 and 2, respectively, in LayerSelector.
core.select.residue_selector.LayerSelector: Setting LayerSelector to use sidechain neighbors to determine burial.
core.select.residue_selector.LayerSelector: Set cutoffs for core and surface to 5.2 and 2, respectively, in LayerSelector.
core.select.residue_selector.LayerSelector: Setting core=false boundary=true surface=false in LayerSelector.
core.select.residue_selector.LayerSelector: Setting LayerSelector to use sidechain neighbors to determine burial.
core.select.residue_selector.LayerSelector: Set cutoffs for core and surface to 5.2 and 2, respectively, in LayerSelector.
core.select.residue_selector.LayerSelector: Setting LayerSelector to use sidechain neighbors to determine burial.
core.select.residue_selector.LayerSelector: Set cutoffs for core and surface to 5.2 and 2, respectively, in LayerSelector.
core.select.residue_selector.LayerSelector: Setting core=true boundary=false surface=false in LayerSelector.
core.select.residue_selector.LayerSelector: Setting LayerSelector to use sidechain neighbors to determine burial.
core.select.residue_selector.LayerSelector: Set cutoffs for core and surface to 5.2 and 2, respectively, in LayerSelector.
core.select.residue_selector.PrimarySequenceNeighborhoodSelector: Using residue selector entire_helix
core.select.residue_selector.PrimarySequenceNeighborhoodSelector: Using residue selector helix_cap
protocols.jd2.parser.TaskOperationLoader: Defined TaskOperation named "layer_design" of type DesignRestrictions
protocols.simple_moves.AddResidueLabelMover: Reading XML parameters...
protocols.rosetta_scripts.RosettaScriptsParser: Defined mover named "core_label" of type AddResidueLabel
protocols.simple_moves.AddResidueLabelMover: Reading XML parameters...
protocols.rosetta_scripts.RosettaScriptsParser: Defined mover named "boundary_label" of type AddResidueLabel
protocols.simple_moves.AddResidueLabelMover: Reading XML parameters...
protocols.rosetta_scripts.RosettaScriptsParser: Defined mover named "surface_label" of type AddResidueLabel
protocols.rosetta_scripts.ParsedProtocol: ParsedProtocol mover with the following settings
protocols.rosetta_scripts.ParsedProtocol: Added mover "core_label"
protocols.rosetta_scripts.ParsedProtocol: Added mover "boundary_label"
protocols.rosetta_scripts.ParsedProtocol: Added mover "surface_label"
protocols.jd2.PDBJobInputter: PDBJobInputter::pose_from_job
protocols.jd2.PDBJobInputter: filling pose from saved copy /home/arielbs10/Dropbox/projects/precisionMaterialsDesign/input/6vz8_AB.pdb
protocols.rosetta_scripts.ParsedProtocol: =======================BEGIN MOVER AddResidueLabelMover - core_label=======================
protocols.simple_moves.AddResidueLabelMover: Executing AddResidueLabelMover...
protocols.simple_moves.AddResidueLabelMover: Adding to residue #87, label: core_label
protocols.simple_moves.AddResidueLabelMover: Adding to residue #90, label: core_label
protocols.simple_moves.AddResidueLabelMover: Adding to residue #94, label: core_label
protocols.simple_moves.AddResidueLabelMover: Adding to residue #98, label: core_label
protocols.simple_moves.AddResidueLabelMover: Adding to residue #123, label: core_label
protocols.simple_moves.AddResidueLabelMover: Adding to residue #132, label: core_label
protocols.simple_moves.AddResidueLabelMover: Adding to residue #401, label: core_label
protocols.simple_moves.AddResidueLabelMover: Adding to residue #435, label: core_label
protocols.simple_moves.AddResidueLabelMover: Adding to residue #437, label: core_label
protocols.simple_moves.AddResidueLabelMover: Adding to residue #475, label: core_label
protocols.simple_moves.AddResidueLabelMover: Adding to residue #477, label: core_label
protocols.simple_moves.AddResidueLabelMover: Adding to residue #618, label: core_label
protocols.simple_moves.AddResidueLabelMover: Adding to residue #621, label: core_label
protocols.simple_moves.AddResidueLabelMover: Adding to residue #625, label: core_label
protocols.simple_moves.AddResidueLabelMover: Adding to residue #629, label: core_label
protocols.simple_moves.AddResidueLabelMover: Adding to residue #654, label: core_label
protocols.simple_moves.AddResidueLabelMover: Adding to residue #663, label: core_label
protocols.simple_moves.AddResidueLabelMover: Adding to residue #941, label: core_label
protocols.simple_moves.AddResidueLabelMover: Adding to residue #1015, label: core_label
protocols.simple_moves.AddResidueLabelMover: Adding to residue #1017, label: core_label
protocols.simple_moves.AddResidueLabelMover: Number of residues labeled: 20
protocols.simple_moves.AddResidueLabelMover: select core_label, resi 87+90+94+98+123+132+401+435+437+475+477+618+621+625+629+654+663+941+1015+1017+
protocols.rosetta_scripts.ParsedProtocol: =======================BEGIN MOVER AddResidueLabelMover - boundary_label=======================
protocols.simple_moves.AddResidueLabelMover: Executing AddResidueLabelMover...
protocols.simple_moves.AddResidueLabelMover: Adding to residue #38, label: boundary_label
protocols.simple_moves.AddResidueLabelMover: Adding to residue #41, label: boundary_label
protocols.simple_moves.AddResidueLabelMover: Adding to residue #45, label: boundary_label
protocols.simple_moves.AddResidueLabelMover: Adding to residue #52, label: boundary_label
protocols.simple_moves.AddResidueLabelMover: Adding to residue #54, label: boundary_label
protocols.simple_moves.AddResidueLabelMover: Adding to residue #56, label: boundary_label
protocols.simple_moves.AddResidueLabelMover: Adding to residue #57, label: boundary_label
protocols.simple_moves.AddResidueLabelMover: Adding to residue #88, label: boundary_label
protocols.simple_moves.AddResidueLabelMover: Adding to residue #91, label: boundary_label
protocols.simple_moves.AddResidueLabelMover: Adding to residue #95, label: boundary_label
protocols.simple_moves.AddResidueLabelMover: Adding to residue #117, label: boundary_label
protocols.simple_moves.AddResidueLabelMover: Adding to residue #118, label: boundary_label
protocols.simple_moves.AddResidueLabelMover: Adding to residue #119, label: boundary_label
protocols.simple_moves.AddResidueLabelMover: Adding to residue #121, label: boundary_label
protocols.simple_moves.AddResidueLabelMover: Adding to residue #128, label: boundary_label
protocols.simple_moves.AddResidueLabelMover: Adding to residue #129, label: boundary_label
protocols.simple_moves.AddResidueLabelMover: Adding to residue #131, label: boundary_label
protocols.simple_moves.AddResidueLabelMover: Adding to residue #280, label: boundary_label
protocols.simple_moves.AddResidueLabelMover: Adding to residue #282, label: boundary_label
protocols.simple_moves.AddResidueLabelMover: Adding to residue #298, label: boundary_label
protocols.simple_moves.AddResidueLabelMover: Adding to residue #299, label: boundary_label
protocols.simple_moves.AddResidueLabelMover: Adding to residue #403, label: boundary_label
protocols.simple_moves.AddResidueLabelMover: Adding to residue #404, label: boundary_label
protocols.simple_moves.AddResidueLabelMover: Adding to residue #433, label: boundary_label
protocols.simple_moves.AddResidueLabelMover: Adding to residue #434, label: boundary_label
protocols.simple_moves.AddResidueLabelMover: Adding to residue #436, label: boundary_label
protocols.simple_moves.AddResidueLabelMover: Adding to residue #440, label: boundary_label
protocols.simple_moves.AddResidueLabelMover: Adding to residue #443, label: boundary_label
protocols.simple_moves.AddResidueLabelMover: Adding to residue #444, label: boundary_label
protocols.simple_moves.AddResidueLabelMover: Adding to residue #459, label: boundary_label
protocols.simple_moves.AddResidueLabelMover: Adding to residue #462, label: boundary_label
protocols.simple_moves.AddResidueLabelMover: Adding to residue #465, label: boundary_label
protocols.simple_moves.AddResidueLabelMover: Adding to residue #470, label: boundary_label
protocols.simple_moves.AddResidueLabelMover: Adding to residue #473, label: boundary_label
protocols.simple_moves.AddResidueLabelMover: Adding to residue #476, label: boundary_label
protocols.simple_moves.AddResidueLabelMover: Adding to residue #479, label: boundary_label
protocols.simple_moves.AddResidueLabelMover: Adding to residue #481, label: boundary_label
protocols.simple_moves.AddResidueLabelMover: Adding to residue #486, label: boundary_label
protocols.simple_moves.AddResidueLabelMover: Adding to residue #489, label: boundary_label
protocols.simple_moves.AddResidueLabelMover: Adding to residue #491, label: boundary_label
protocols.simple_moves.AddResidueLabelMover: Adding to residue #492, label: boundary_label
protocols.simple_moves.AddResidueLabelMover: Adding to residue #495, label: boundary_label
protocols.simple_moves.AddResidueLabelMover: Adding to residue #569, label: boundary_label
protocols.simple_moves.AddResidueLabelMover: Adding to residue #572, label: boundary_label
protocols.simple_moves.AddResidueLabelMover: Adding to residue #576, label: boundary_label
protocols.simple_moves.AddResidueLabelMover: Adding to residue #583, label: boundary_label
protocols.simple_moves.AddResidueLabelMover: Adding to residue #585, label: boundary_label
protocols.simple_moves.AddResidueLabelMover: Adding to residue #587, label: boundary_label
protocols.simple_moves.AddResidueLabelMover: Adding to residue #588, label: boundary_label
protocols.simple_moves.AddResidueLabelMover: Adding to residue #619, label: boundary_label
protocols.simple_moves.AddResidueLabelMover: Adding to residue #622, label: boundary_label
protocols.simple_moves.AddResidueLabelMover: Adding to residue #648, label: boundary_label
protocols.simple_moves.AddResidueLabelMover: Adding to residue #650, label: boundary_label
protocols.simple_moves.AddResidueLabelMover: Adding to residue #652, label: boundary_label
protocols.simple_moves.AddResidueLabelMover: Adding to residue #659, label: boundary_label
protocols.simple_moves.AddResidueLabelMover: Adding to residue #660, label: boundary_label
protocols.simple_moves.AddResidueLabelMover: Adding to residue #662, label: boundary_label
protocols.simple_moves.AddResidueLabelMover: Adding to residue #818, label: boundary_label
protocols.simple_moves.AddResidueLabelMover: Adding to residue #820, label: boundary_label
protocols.simple_moves.AddResidueLabelMover: Adding to residue #836, label: boundary_label
protocols.simple_moves.AddResidueLabelMover: Adding to residue #837, label: boundary_label
protocols.simple_moves.AddResidueLabelMover: Adding to residue #943, label: boundary_label
protocols.simple_moves.AddResidueLabelMover: Adding to residue #944, label: boundary_label
protocols.simple_moves.AddResidueLabelMover: Adding to residue #973, label: boundary_label
protocols.simple_moves.AddResidueLabelMover: Adding to residue #974, label: boundary_label
protocols.simple_moves.AddResidueLabelMover: Adding to residue #976, label: boundary_label
protocols.simple_moves.AddResidueLabelMover: Adding to residue #977, label: boundary_label
protocols.simple_moves.AddResidueLabelMover: Adding to residue #979, label: boundary_label
protocols.simple_moves.AddResidueLabelMover: Adding to residue #980, label: boundary_label
protocols.simple_moves.AddResidueLabelMover: Adding to residue #983, label: boundary_label
protocols.simple_moves.AddResidueLabelMover: Adding to residue #984, label: boundary_label
protocols.simple_moves.AddResidueLabelMover: Adding to residue #999, label: boundary_label
protocols.simple_moves.AddResidueLabelMover: Adding to residue #1002, label: boundary_label
protocols.simple_moves.AddResidueLabelMover: Adding to residue #1010, label: boundary_label
protocols.simple_moves.AddResidueLabelMover: Adding to residue #1016, label: boundary_label
protocols.simple_moves.AddResidueLabelMover: Adding to residue #1019, label: boundary_label
protocols.simple_moves.AddResidueLabelMover: Adding to residue #1021, label: boundary_label
protocols.simple_moves.AddResidueLabelMover: Adding to residue #1027, label: boundary_label
protocols.simple_moves.AddResidueLabelMover: Adding to residue #1030, label: boundary_label
protocols.simple_moves.AddResidueLabelMover: Adding to residue #1032, label: boundary_label
protocols.simple_moves.AddResidueLabelMover: Adding to residue #1033, label: boundary_label
protocols.simple_moves.AddResidueLabelMover: Adding to residue #1036, label: boundary_label
protocols.simple_moves.AddResidueLabelMover: Number of residues labeled: 82
protocols.simple_moves.AddResidueLabelMover: select boundary_label, resi 38+41+45+52+54+56+57+88+91+95+117+118+119+121+128+129+131+280+282+298+299+403+404+433+434+436+440+443+444+459+462+465+470+473+476+479+481+486+489+491+492+495+569+572+576+583+585+587+588+619+622+648+650+652+659+660+662+818+820+836+837+943+944+973+974+976+977+979+980+983+984+999+1002+1010+1016+1019+1021+1027+1030+1032+1033+1036+
protocols.rosetta_scripts.ParsedProtocol: =======================BEGIN MOVER AddResidueLabelMover - surface_label=======================
protocols.simple_moves.AddResidueLabelMover: Executing AddResidueLabelMover...
protocols.simple_moves.AddResidueLabelMover: Adding to residue #42, label: surface_label
protocols.simple_moves.AddResidueLabelMover: Adding to residue #120, label: surface_label
protocols.simple_moves.AddResidueLabelMover: Adding to residue #127, label: surface_label
protocols.simple_moves.AddResidueLabelMover: Adding to residue #130, label: surface_label
protocols.simple_moves.AddResidueLabelMover: Adding to residue #281, label: surface_label
protocols.simple_moves.AddResidueLabelMover: Adding to residue #488, label: surface_label
protocols.simple_moves.AddResidueLabelMover: Adding to residue #494, label: surface_label
protocols.simple_moves.AddResidueLabelMover: Adding to residue #573, label: surface_label
protocols.simple_moves.AddResidueLabelMover: Adding to residue #649, label: surface_label
protocols.simple_moves.AddResidueLabelMover: Adding to residue #651, label: surface_label
protocols.simple_moves.AddResidueLabelMover: Adding to residue #658, label: surface_label
protocols.simple_moves.AddResidueLabelMover: Adding to residue #819, label: surface_label
protocols.simple_moves.AddResidueLabelMover: Adding to residue #1005, label: surface_label
protocols.simple_moves.AddResidueLabelMover: Adding to residue #1013, label: surface_label
protocols.simple_moves.AddResidueLabelMover: Adding to residue #1014, label: surface_label
protocols.simple_moves.AddResidueLabelMover: Adding to residue #1029, label: surface_label
protocols.simple_moves.AddResidueLabelMover: Adding to residue #1035, label: surface_label
protocols.simple_moves.AddResidueLabelMover: Number of residues labeled: 17
protocols.simple_moves.AddResidueLabelMover: select surface_label, resi 42+120+127+130+281+488+494+573+649+651+658+819+1005+1013+1014+1029+1035+
protocols.rosetta_scripts.ParsedProtocol: setting status to success
protocols.jd2.JobDistributor: 6vz8_AB_D_0001 reported success in 9 seconds
protocols.jd2.JobDistributor: no more batches to process... 
protocols.jd2.JobDistributor: 1 jobs considered, 1 jobs attempted in 9 seconds
protocols.jd2.JobDistributor: [ WARNING ] The following options have been set, but have not yet been used:
	-holes:dalphaball input/DAlphaBall.gcc

basic.citation_manager.CitationManager: 
The following Rosetta modules were used during this run of Rosetta, and should be cited:

rosetta_scripts Application's citation(s):
Fleishman SJ, Leaver-Fay A, Corn JE, Strauch E-M, Khare SD, Koga N, Ashworth J, Murphy P, Richter F, Lemmon G, Meiler J, and Baker D.  (2011).  RosettaScripts: A Scripting Language Interface to the Rosetta Macromolecular Modeling Suite.  PLoS ONE 6(6):e20161.  doi: 10.1371/journal.pone.0020161.

AACompositionEnergy EnergyMethod's citation(s):
*Hosseinzadeh P, *Bhardwaj G, *Mulligan VK, Shortridge MD, Craven TW, Pardo-Avila F, Rettie SA, Kim DA, Silva D-A, Ibrahim YM, Webb IK, Cort JR, Adkins JN, Varani G, and Baker D.  (2017).  Comprehensive computational design of ordered peptide macrocycles.  Science 358(6369):1461-6.  doi: 10.1126/science.aap7577.  (*Co-primary authors.)

LayerSelector ResidueSelector's citation(s):
*Dang B, *Wu H, *Mulligan VK, Mravic M, Wu Y, Lemmin T, Ford A, Silva D-A, Baker D, and DeGrado WF.  (2017).  De novo design of covalently constrained mesosize protein scaffolds with unique tertiary structures.  Proc Natl Acad Sci USA 114(41):10852–10857.  doi: 10.1073/pnas.1710695114.  (*Co-primary authors.)


The following UNPUBLISHED Rosetta modules were used during this run of Rosetta.  Their authors should be included in the author list when this work is published:

NeighborhoodResidueSelector ResidueSelector's author(s):
Robert Lindner, Natural Sciences and Mathematics, Ruperto-Carola University, Heidelberg, Germany <rlindner@mpimf-heidelberg.mpg.de>
Jared Adolf-Bryfogle, Schief lab, Scripps Research Institute <jadolfbr@gmail.com>
Gerard Daniel, Institue for Protein Design, University of Washington <gerardda@uw.edu>


